<?xml version="1.0" encoding="UTF-8"?>
<!-- Generated by org.testng.reporters.JUnitReportReporter -->
<testsuite skipped="0" hostname="DESKTOP-IUTETS9" name="com.wbl.test.PostTest" tests="3" failures="0" timestamp="13 Aug 2019 17:30:06 GMT" time="4.380" errors="0">
  <testcase name="postData" time="3.497" classname="com.wbl.test.PostTest"/>
  <testcase name="postData" time="0.422" classname="com.wbl.test.PostTest"/>
  <testcase name="postData" time="0.461" classname="com.wbl.test.PostTest"/>
</testsuite> <!-- com.wbl.test.PostTest -->
