<?xml version="1.0" encoding="UTF-8"?>
<!-- Generated by org.testng.reporters.JUnitReportReporter -->
<testsuite skipped="1" hostname="DESKTOP-IUTETS9" name="DataTest" tests="1" failures="0" timestamp="13 Aug 2019 16:47:00 GMT" time="0.000" errors="0">
  <testcase name="test1" time="0.000" classname="DataTest">
    <skipped/>
  </testcase> <!-- test1 -->
</testsuite> <!-- DataTest -->
